This is pdfTeX, Version 3.14159265-2.6-1.40.21 (TeX Live 2020/W32TeX) (preloaded format=pdflatex 2020.11.13)  5 DEC 2020 14:07
entering extended mode
 restricted \write18 enabled.
 %&-line parsing enabled.
**AusarbeitungMAG.tex
(./AusarbeitungMAG.tex
LaTeX2e <2020-10-01> patch level 2
L3 programming layer <2020-10-27> xparse <2020-03-03>
(c:/texlive/2020/texmf-dist/tex/latex/base/article.cls
Document Class: article 2020/04/10 v1.4m Standard LaTeX document class
(c:/texlive/2020/texmf-dist/tex/latex/base/size12.clo
File: size12.clo 2020/04/10 v1.4m Standard LaTeX file (size option)
)
\c@part=\count175
\c@section=\count176
\c@subsection=\count177
\c@subsubsection=\count178
\c@paragraph=\count179
\c@subparagraph=\count180
\c@figure=\count181
\c@table=\count182
\abovecaptionskip=\skip47
\belowcaptionskip=\skip48
\bibindent=\dimen138
)
(c:/texlive/2020/texmf-dist/tex/latex/geometry/geometry.sty
Package: geometry 2020/01/02 v5.9 Page Geometry

(c:/texlive/2020/texmf-dist/tex/latex/graphics/keyval.sty
Package: keyval 2014/10/28 v1.15 key=value parser (DPC)
\KV@toks@=\toks15
)
(c:/texlive/2020/texmf-dist/tex/generic/iftex/ifvtex.sty
Package: ifvtex 2019/10/25 v1.7 ifvtex legacy package. Use iftex instead.

(c:/texlive/2020/texmf-dist/tex/generic/iftex/iftex.sty
Package: iftex 2020/03/06 v1.0d TeX engine tests
))
\Gm@cnth=\count183
\Gm@cntv=\count184
\c@Gm@tempcnt=\count185
\Gm@bindingoffset=\dimen139
\Gm@wd@mp=\dimen140
\Gm@odd@mp=\dimen141
\Gm@even@mp=\dimen142
\Gm@layoutwidth=\dimen143
\Gm@layoutheight=\dimen144
\Gm@layouthoffset=\dimen145
\Gm@layoutvoffset=\dimen146
\Gm@dimlist=\toks16
)
(c:/texlive/2020/texmf-dist/tex/latex/units/nicefrac.sty
Package: nicefrac 1998/08/04 v0.9b Nice fractions
\L@UnitsRaiseDisplaystyle=\skip49
\L@UnitsRaiseTextstyle=\skip50
\L@UnitsRaiseScriptstyle=\skip51

(c:/texlive/2020/texmf-dist/tex/latex/base/ifthen.sty
Package: ifthen 2014/09/29 v1.1c Standard LaTeX ifthen package (DPC)
))
(c:/texlive/2020/texmf-dist/tex/latex/fancyhdr/fancyhdr.sty
Package: fancyhdr 2019/01/31 v3.10 Extensive control of page headers and footer
s
\f@nch@headwidth=\skip52
\f@nch@O@elh=\skip53
\f@nch@O@erh=\skip54
\f@nch@O@olh=\skip55
\f@nch@O@orh=\skip56
\f@nch@O@elf=\skip57
\f@nch@O@erf=\skip58
\f@nch@O@olf=\skip59
\f@nch@O@orf=\skip60
)
(c:/texlive/2020/texmf-dist/tex/latex/graphics/graphicx.sty
Package: graphicx 2020/09/09 v1.2b Enhanced LaTeX Graphics (DPC,SPQR)

(c:/texlive/2020/texmf-dist/tex/latex/graphics/graphics.sty
Package: graphics 2020/08/30 v1.4c Standard LaTeX Graphics (DPC,SPQR)

(c:/texlive/2020/texmf-dist/tex/latex/graphics/trig.sty
Package: trig 2016/01/03 v1.10 sin cos tan (DPC)
)
(c:/texlive/2020/texmf-dist/tex/latex/graphics-cfg/graphics.cfg
File: graphics.cfg 2016/06/04 v1.11 sample graphics configuration
)
Package graphics Info: Driver file: pdftex.def on input line 105.

(c:/texlive/2020/texmf-dist/tex/latex/graphics-def/pdftex.def
File: pdftex.def 2020/10/05 v1.2a Graphics/color driver for pdftex
))
\Gin@req@height=\dimen147
\Gin@req@width=\dimen148
)
(c:/texlive/2020/texmf-dist/tex/latex/float/float.sty
Package: float 2001/11/08 v1.3d Float enhancements (AL)
\c@float@type=\count186
\float@exts=\toks17
\float@box=\box47
\@float@everytoks=\toks18
\@floatcapt=\box48
)
(c:/texlive/2020/texmf-dist/tex/latex/hyperref/hyperref.sty
Package: hyperref 2020-05-15 v7.00e Hypertext links for LaTeX

(c:/texlive/2020/texmf-dist/tex/generic/ltxcmds/ltxcmds.sty
Package: ltxcmds 2020-05-10 v1.25 LaTeX kernel commands for general use (HO)
)
(c:/texlive/2020/texmf-dist/tex/generic/pdftexcmds/pdftexcmds.sty
Package: pdftexcmds 2020-06-27 v0.33 Utility functions of pdfTeX for LuaTeX (HO
)

(c:/texlive/2020/texmf-dist/tex/generic/infwarerr/infwarerr.sty
Package: infwarerr 2019/12/03 v1.5 Providing info/warning/error messages (HO)
)
Package pdftexcmds Info: \pdf@primitive is available.
Package pdftexcmds Info: \pdf@ifprimitive is available.
Package pdftexcmds Info: \pdfdraftmode found.
)
(c:/texlive/2020/texmf-dist/tex/generic/kvsetkeys/kvsetkeys.sty
Package: kvsetkeys 2019/12/15 v1.18 Key value parser (HO)
)
(c:/texlive/2020/texmf-dist/tex/generic/kvdefinekeys/kvdefinekeys.sty
Package: kvdefinekeys 2019-12-19 v1.6 Define keys (HO)
)
(c:/texlive/2020/texmf-dist/tex/generic/pdfescape/pdfescape.sty
Package: pdfescape 2019/12/09 v1.15 Implements pdfTeX's escape features (HO)
)
(c:/texlive/2020/texmf-dist/tex/latex/hycolor/hycolor.sty
Package: hycolor 2020-01-27 v1.10 Color options for hyperref/bookmark (HO)
)
(c:/texlive/2020/texmf-dist/tex/latex/letltxmacro/letltxmacro.sty
Package: letltxmacro 2019/12/03 v1.6 Let assignment for LaTeX macros (HO)
)
(c:/texlive/2020/texmf-dist/tex/latex/auxhook/auxhook.sty
Package: auxhook 2019-12-17 v1.6 Hooks for auxiliary files (HO)
)
(c:/texlive/2020/texmf-dist/tex/latex/kvoptions/kvoptions.sty
Package: kvoptions 2020-10-07 v3.14 Key value format for package options (HO)
)
\@linkdim=\dimen149
\Hy@linkcounter=\count187
\Hy@pagecounter=\count188

(c:/texlive/2020/texmf-dist/tex/latex/hyperref/pd1enc.def
File: pd1enc.def 2020-05-15 v7.00e Hyperref: PDFDocEncoding definition (HO)
Now handling font encoding PD1 ...
... no UTF-8 mapping file for font encoding PD1
)
(c:/texlive/2020/texmf-dist/tex/generic/intcalc/intcalc.sty
Package: intcalc 2019/12/15 v1.3 Expandable calculations with integers (HO)
)
(c:/texlive/2020/texmf-dist/tex/generic/etexcmds/etexcmds.sty
Package: etexcmds 2019/12/15 v1.7 Avoid name clashes with e-TeX commands (HO)
)
\Hy@SavedSpaceFactor=\count189
Package hyperref Info: Hyper figures OFF on input line 4464.
Package hyperref Info: Link nesting OFF on input line 4469.
Package hyperref Info: Hyper index ON on input line 4472.
Package hyperref Info: Plain pages OFF on input line 4479.
Package hyperref Info: Backreferencing OFF on input line 4484.
Package hyperref Info: Implicit mode ON; LaTeX internals redefined.
Package hyperref Info: Bookmarks ON on input line 4717.
\c@Hy@tempcnt=\count190

(c:/texlive/2020/texmf-dist/tex/latex/url/url.sty
\Urlmuskip=\muskip16
Package: url 2013/09/16  ver 3.4  Verb mode for urls, etc.
)
LaTeX Info: Redefining \url on input line 5076.
\XeTeXLinkMargin=\dimen150

(c:/texlive/2020/texmf-dist/tex/generic/bitset/bitset.sty
Package: bitset 2019/12/09 v1.3 Handle bit-vector datatype (HO)

(c:/texlive/2020/texmf-dist/tex/generic/bigintcalc/bigintcalc.sty
Package: bigintcalc 2019/12/15 v1.5 Expandable calculations on big integers (HO
)
))
\Fld@menulength=\count191
\Field@Width=\dimen151
\Fld@charsize=\dimen152
Package hyperref Info: Hyper figures OFF on input line 6347.
Package hyperref Info: Link nesting OFF on input line 6352.
Package hyperref Info: Hyper index ON on input line 6355.
Package hyperref Info: backreferencing OFF on input line 6362.
Package hyperref Info: Link coloring OFF on input line 6367.
Package hyperref Info: Link coloring with OCG OFF on input line 6372.
Package hyperref Info: PDF/A mode OFF on input line 6377.
LaTeX Info: Redefining \ref on input line 6417.
LaTeX Info: Redefining \pageref on input line 6421.

(c:/texlive/2020/texmf-dist/tex/latex/base/atbegshi-ltx.sty
Package: atbegshi-ltx 2020/08/17 v1.0a Emulation of the original atbegshi packa
ge
with kernel methods
)
\Hy@abspage=\count192
\c@Item=\count193
\c@Hfootnote=\count194
)
Package hyperref Info: Driver (autodetected): hpdftex.

(c:/texlive/2020/texmf-dist/tex/latex/hyperref/hpdftex.def
File: hpdftex.def 2020-05-15 v7.00e Hyperref driver for pdfTeX

(c:/texlive/2020/texmf-dist/tex/latex/base/atveryend-ltx.sty
Package: atveryend-ltx 2020/08/19 v1.0a Emulation of the original atvery packag
e
with kernel methods
)
\Fld@listcount=\count195
\c@bookmark@seq@number=\count196

(c:/texlive/2020/texmf-dist/tex/latex/rerunfilecheck/rerunfilecheck.sty
Package: rerunfilecheck 2019/12/05 v1.9 Rerun checks for auxiliary files (HO)

(c:/texlive/2020/texmf-dist/tex/generic/uniquecounter/uniquecounter.sty
Package: uniquecounter 2019/12/15 v1.4 Provide unlimited unique counter (HO)
)
Package uniquecounter Info: New unique counter `rerunfilecheck' on input line 2
86.
)
\Hy@SectionHShift=\skip61
)
(c:/texlive/2020/texmf-dist/tex/latex/l3backend/l3backend-pdftex.def
File: l3backend-pdftex.def 2020-09-24 L3 backend support: PDF output (pdfTeX)
\l__kernel_color_stack_int=\count197
\l__pdf_internal_box=\box49
)
(./AusarbeitungMAG.aux)
\openout1 = `AusarbeitungMAG.aux'.

LaTeX Font Info:    Checking defaults for OML/cmm/m/it on input line 21.
LaTeX Font Info:    ... okay on input line 21.
LaTeX Font Info:    Checking defaults for OMS/cmsy/m/n on input line 21.
LaTeX Font Info:    ... okay on input line 21.
LaTeX Font Info:    Checking defaults for OT1/cmr/m/n on input line 21.
LaTeX Font Info:    ... okay on input line 21.
LaTeX Font Info:    Checking defaults for T1/cmr/m/n on input line 21.
LaTeX Font Info:    ... okay on input line 21.
LaTeX Font Info:    Checking defaults for TS1/cmr/m/n on input line 21.
LaTeX Font Info:    ... okay on input line 21.
LaTeX Font Info:    Checking defaults for OMX/cmex/m/n on input line 21.
LaTeX Font Info:    ... okay on input line 21.
LaTeX Font Info:    Checking defaults for U/cmr/m/n on input line 21.
LaTeX Font Info:    ... okay on input line 21.
LaTeX Font Info:    Checking defaults for PD1/pdf/m/n on input line 21.
LaTeX Font Info:    ... okay on input line 21.

*geometry* driver: auto-detecting
*geometry* detected driver: pdftex
*geometry* verbose mode - [ preamble ] result:
* driver: pdftex
* paper: <default>
* layout: <same size as paper>
* layoutoffset:(h,v)=(0.0pt,0.0pt)
* modes: includefoot 
* h-part:(L,W,R)=(71.13188pt, 472.03123pt, 71.13188pt)
* v-part:(T,H,B)=(71.13188pt, 652.70622pt, 71.13188pt)
* \paperwidth=614.295pt
* \paperheight=794.96999pt
* \textwidth=472.03123pt
* \textheight=622.70622pt
* \oddsidemargin=-1.1381pt
* \evensidemargin=-1.1381pt
* \topmargin=-38.1381pt
* \headheight=12.0pt
* \headsep=25.0pt
* \topskip=12.0pt
* \footskip=30.0pt
* \marginparwidth=44.0pt
* \marginparsep=10.0pt
* \columnsep=10.0pt
* \skip\footins=10.8pt plus 4.0pt minus 2.0pt
* \hoffset=0.0pt
* \voffset=0.0pt
* \mag=1000
* \@twocolumnfalse
* \@twosidefalse
* \@mparswitchfalse
* \@reversemarginfalse
* (1in=72.27pt=25.4mm, 1cm=28.453pt)

(c:/texlive/2020/texmf-dist/tex/context/base/mkii/supp-pdf.mkii
[Loading MPS to PDF converter (version 2006.09.02).]
\scratchcounter=\count198
\scratchdimen=\dimen153
\scratchbox=\box50
\nofMPsegments=\count199
\nofMParguments=\count266
\everyMPshowfont=\toks19
\MPscratchCnt=\count267
\MPscratchDim=\dimen154
\MPnumerator=\count268
\makeMPintoPDFobject=\count269
\everyMPtoPDFconversion=\toks20
) (c:/texlive/2020/texmf-dist/tex/latex/epstopdf-pkg/epstopdf-base.sty
Package: epstopdf-base 2020-01-24 v2.11 Base part for package epstopdf
Package epstopdf-base Info: Redefining graphics rule for `.eps' on input line 4
85.

(c:/texlive/2020/texmf-dist/tex/latex/latexconfig/epstopdf-sys.cfg
File: epstopdf-sys.cfg 2010/07/13 v1.3 Configuration of (r)epstopdf for TeX Liv
e
))
Package hyperref Info: Link coloring OFF on input line 21.

(c:/texlive/2020/texmf-dist/tex/latex/hyperref/nameref.sty
Package: nameref 2019/09/16 v2.46 Cross-referencing by name of section

(c:/texlive/2020/texmf-dist/tex/latex/refcount/refcount.sty
Package: refcount 2019/12/15 v3.6 Data extraction from label references (HO)
)
(c:/texlive/2020/texmf-dist/tex/generic/gettitlestring/gettitlestring.sty
Package: gettitlestring 2019/12/15 v1.6 Cleanup title references (HO)
)
\c@section@level=\count270
)
LaTeX Info: Redefining \ref on input line 21.
LaTeX Info: Redefining \pageref on input line 21.
LaTeX Info: Redefining \nameref on input line 21.

(./AusarbeitungMAG.out) (./AusarbeitungMAG.out)
\@outlinefile=\write3
\openout3 = `AusarbeitungMAG.out'.

 [1

{c:/texlive/2020/texmf-var/fonts/map/pdftex/updmap/pdftex.map}] (./Ausarbeitung
MAG.toc
LaTeX Font Info:    External font `cmex10' loaded for size
(Font)              <12> on input line 3.
LaTeX Font Info:    External font `cmex10' loaded for size
(Font)              <8> on input line 3.
LaTeX Font Info:    External font `cmex10' loaded for size
(Font)              <6> on input line 3.
)
\tf@toc=\write4
\openout4 = `AusarbeitungMAG.toc'.

pdfTeX warning (ext4): destination with the same identifier (name{page.1}) has 
been already used, duplicate ignored
<to be read again> 
                   \relax 
l.45 	\cleardoublepage
                       [1]
<fieldsol.jpg, id=122, 180.8064pt x 52.8228pt>
File: fieldsol.jpg Graphic file (type jpg)
<use fieldsol.jpg>
Package pdftex.def Info: fieldsol.jpg  used on input line 75.
(pdftex.def)             Requested size: 292.1819pt x 85.35826pt.
pdfTeX warning (ext4): destination with the same identifier (name{page.1}) has 
been already used, duplicate ignored
<to be read again> 
                   \relax 
l.84 		\begin{equation}
                       \label{eq:biot perm} [1

 <./fieldsol.jpg>]
<halleffect.jpg, id=135, 96.1191pt x 54.9252pt>
File: halleffect.jpg Graphic file (type jpg)
<use halleffect.jpg>
Package pdftex.def Info: halleffect.jpg  used on input line 98.
(pdftex.def)             Requested size: 248.9753pt x 142.26378pt.
 [2 <./halleffect.jpg>] [3]
<weiss.jpg, id=158, 974.64125pt x 217.81375pt>
File: weiss.jpg Graphic file (type jpg)
<use weiss.jpg>
Package pdftex.def Info: weiss.jpg  used on input line 147.
(pdftex.def)             Requested size: 381.93779pt x 85.35826pt.
<hysterese.jpg, id=159, 853.1875pt x 640.3925pt>
File: hysterese.jpg Graphic file (type jpg)
<use hysterese.jpg>
Package pdftex.def Info: hysterese.jpg  used on input line 155.
(pdftex.def)             Requested size: 113.71725pt x 85.35826pt.


Package hyperref Warning: Difference (2) between bookmark levels is greater 
(hyperref)                than one, level fixed on input line 177.

[4 <./weiss.jpg (PNG copy)> <./hysterese.jpg>]

Package hyperref Warning: Difference (2) between bookmark levels is greater 
(hyperref)                than one, level fixed on input line 198.

<long 1A ohne Kern nur Punkte.jpg, id=170, 843.15pt x 632.3625pt>
File: long 1A ohne Kern nur Punkte.jpg Graphic file (type jpg)
<use long 1A ohne Kern nur Punkte.jpg>
Package pdftex.def Info: long 1A ohne Kern nur Punkte.jpg  used on input line 2
01.
(pdftex.def)             Requested size: 265.55505pt x 199.16928pt.

Overfull \hbox (76.74545pt too wide) in paragraph at lines 201--202
[][] 
 []

<long 1A mit Kern nur Punkte.jpg, id=171, 843.15pt x 632.3625pt>
File: long 1A mit Kern nur Punkte.jpg Graphic file (type jpg)
<use long 1A mit Kern nur Punkte.jpg>
Package pdftex.def Info: long 1A mit Kern nur Punkte.jpg  used on input line 20
6.
(pdftex.def)             Requested size: 265.55505pt x 199.16928pt.

Overfull \hbox (76.74545pt too wide) in paragraph at lines 206--207
[][] 
 []

[5]
<long 05A ohne Kern nur Punkte.jpg, id=178, 843.15pt x 632.3625pt>
File: long 05A ohne Kern nur Punkte.jpg Graphic file (type jpg)
<use long 05A ohne Kern nur Punkte.jpg>
Package pdftex.def Info: long 05A ohne Kern nur Punkte.jpg  used on input line 
213.
(pdftex.def)             Requested size: 265.55505pt x 199.16928pt.
<long 1A ohne Kern mit Spule.jpg, id=179, 843.15pt x 632.3625pt>
File: long 1A ohne Kern mit Spule.jpg Graphic file (type jpg)
<use long 1A ohne Kern mit Spule.jpg>
Package pdftex.def Info: long 1A ohne Kern mit Spule.jpg  used on input line 22
0.
(pdftex.def)             Requested size: 265.55505pt x 199.16928pt.
 [6 <./long 1A ohne Kern nur Punkte.jpg> <./long 1A mit Kern nur Punkte.jpg> <.
/long 05A ohne Kern nur Punkte.jpg>]
<long 05A ohne Kern mit Spule.jpg, id=187, 843.15pt x 632.3625pt>
File: long 05A ohne Kern mit Spule.jpg Graphic file (type jpg)
<use long 05A ohne Kern mit Spule.jpg>
Package pdftex.def Info: long 05A ohne Kern mit Spule.jpg  used on input line 2
28.
(pdftex.def)             Requested size: 265.55505pt x 199.16928pt.
 [7 <./long 1A ohne Kern mit Spule.jpg>]
<long 1A mit kern mit Spule.jpg, id=193, 843.15pt x 632.3625pt>
File: long 1A mit kern mit Spule.jpg Graphic file (type jpg)
<use long 1A mit kern mit Spule.jpg>
Package pdftex.def Info: long 1A mit kern mit Spule.jpg  used on input line 237
.
(pdftex.def)             Requested size: 257.96446pt x 193.47882pt.
<trans 1A mit kern nur Punkte.jpg, id=194, 843.15pt x 632.3625pt>
File: trans 1A mit kern nur Punkte.jpg Graphic file (type jpg)
<use trans 1A mit kern nur Punkte.jpg>
Package pdftex.def Info: trans 1A mit kern nur Punkte.jpg  used on input line 2
44.
(pdftex.def)             Requested size: 265.55505pt x 199.16928pt.
[8 <./long 05A ohne Kern mit Spule.jpg> <./long 1A mit kern mit Spule.jpg>]
<Daten.xlsx - 1A ohne Kern longitudinal.pdf, id=201, 794.97pt x 614.295pt>
File: Daten.xlsx - 1A ohne Kern longitudinal.pdf Graphic file (type pdf)
<use Daten.xlsx - 1A ohne Kern longitudinal.pdf>
Package pdftex.def Info: Daten.xlsx - 1A ohne Kern longitudinal.pdf  used on in
put line 256.
(pdftex.def)             Requested size: 569.05511pt x 439.73312pt.

Overfull \hbox (97.02388pt too wide) in paragraph at lines 256--257
[][] 
 []

[9 <./trans 1A mit kern nur Punkte.jpg>]
<Daten.xlsx - 0,5A ohne Kern longitudinal.pdf, id=207, 845.1575pt x 597.23125pt
>
File: Daten.xlsx - 0,5A ohne Kern longitudinal.pdf Graphic file (type pdf)
<use Daten.xlsx - 0,5A ohne Kern longitudinal.pdf>
Package pdftex.def Info: Daten.xlsx - 0,5A ohne Kern longitudinal.pdf  used on 
input line 261.
(pdftex.def)             Requested size: 569.05511pt x 402.12949pt.

Overfull \hbox (97.02388pt too wide) in paragraph at lines 261--262
[][] 
 []

[10 <./Daten.xlsx - 1A ohne Kern longitudinal.pdf>]
<Daten.xlsx - 1A mit Kern longitudinal.pdf, id=223, 794.97pt x 614.295pt>
File: Daten.xlsx - 1A mit Kern longitudinal.pdf Graphic file (type pdf)
<use Daten.xlsx - 1A mit Kern longitudinal.pdf>
Package pdftex.def Info: Daten.xlsx - 1A mit Kern longitudinal.pdf  used on inp
ut line 266.
(pdftex.def)             Requested size: 569.05511pt x 439.73312pt.

Overfull \hbox (97.02388pt too wide) in paragraph at lines 266--267
[][] 
 []

[11 <./Daten.xlsx - 0,5A ohne Kern longitudinal.pdf>]
<Daten.xlsx - 1A ohne Kern transverse.pdf, id=240, 845.1575pt x 597.23125pt>
File: Daten.xlsx - 1A ohne Kern transverse.pdf Graphic file (type pdf)
<use Daten.xlsx - 1A ohne Kern transverse.pdf>
Package pdftex.def Info: Daten.xlsx - 1A ohne Kern transverse.pdf  used on inpu
t line 271.
(pdftex.def)             Requested size: 512.1496pt x 361.92291pt.

Overfull \hbox (40.11836pt too wide) in paragraph at lines 271--272
[][] 
 []

[12 <./Daten.xlsx - 1A mit Kern longitudinal.pdf>]
Overfull \hbox (49.45552pt too wide) in paragraph at lines 277--278
[]\OT1/cmr/m/n/12 : Wolf-gang Demtr^^?oder: Elek-trizit^^?at und Op-tik (Ex-per
-i-men-tal-physik, Bd.2); ISBN:9783540651963 
 []


Overfull \hbox (29.95273pt too wide) in paragraph at lines 284--285
[][]\OT1/cmr/bx/n/12 2.3.3[]\OT1/cmr/m/n/12 :https://www.researchgate.net/figur
e/Magnetic-hysteresis-in-a-ferromagnetic-material-
 []

[13 <./Daten.xlsx - 1A ohne Kern transverse.pdf>] (./AusarbeitungMAG.aux)
Package rerunfilecheck Info: File `AusarbeitungMAG.out' has not changed.
(rerunfilecheck)             Checksum: EB4E0D408A207F03850EE291EA2DBE71;1635.
 ) 
Here is how much of TeX's memory you used:
 6041 strings out of 479485
 93922 string characters out of 5875915
 402986 words of memory out of 5000000
 22882 multiletter control sequences out of 15000+600000
 541489 words of font info for 50 fonts, out of 8000000 for 9000
 1141 hyphenation exceptions out of 8191
 66i,11n,72p,1009b,385s stack positions out of 5000i,500n,10000p,200000b,80000s
{c:/texlive/2020/texmf-dist/fonts/enc/dvips/cm-super/cm-super-ts1.enc}<c:/tex
live/2020/texmf-dist/fonts/type1/public/amsfonts/cm/cmbx12.pfb><c:/texlive/2020
/texmf-dist/fonts/type1/public/amsfonts/cm/cmcsc10.pfb><c:/texlive/2020/texmf-d
ist/fonts/type1/public/amsfonts/cm/cmex10.pfb><c:/texlive/2020/texmf-dist/fonts
/type1/public/amsfonts/cm/cmmi12.pfb><c:/texlive/2020/texmf-dist/fonts/type1/pu
blic/amsfonts/cm/cmmi8.pfb><c:/texlive/2020/texmf-dist/fonts/type1/public/amsfo
nts/cm/cmr12.pfb><c:/texlive/2020/texmf-dist/fonts/type1/public/amsfonts/cm/cmr
8.pfb><c:/texlive/2020/texmf-dist/fonts/type1/public/amsfonts/cm/cmsy10.pfb><c:
/texlive/2020/texmf-dist/fonts/type1/public/amsfonts/cm/cmsy8.pfb><c:/texlive/2
020/texmf-dist/fonts/type1/public/cm-super/sfrm1200.pfb>
Output written on AusarbeitungMAG.pdf (15 pages, 713872 bytes).
PDF statistics:
 326 PDF objects out of 1000 (max. 8388607)
 271 compressed objects within 3 object streams
 62 named destinations out of 1000 (max. 500000)
 244 words of extra memory for PDF output out of 10000 (max. 10000000)

