\BOOKMARK [1][-]{section.1}{Abstract}{}% 1
\BOOKMARK [1][-]{section.2}{Theoretical fundaments}{}% 2
\BOOKMARK [2][-]{subsection.2.1}{The law of Biot-Savart and the magnetic field of a coil}{section.2}% 3
\BOOKMARK [2][-]{subsection.2.2}{Hall effect, measuring magnetic fields}{section.2}% 4
\BOOKMARK [2][-]{subsection.2.3}{Materials in a magnetic field}{section.2}% 5
\BOOKMARK [3][-]{subsubsection.2.3.1}{Paramagnetism}{subsection.2.3}% 6
\BOOKMARK [3][-]{subsubsection.2.3.2}{Diamagnetism}{subsection.2.3}% 7
\BOOKMARK [3][-]{subsubsection.2.3.3}{Ferromagnetism}{subsection.2.3}% 8
\BOOKMARK [2][-]{subsection.2.4}{Induction}{section.2}% 9
\BOOKMARK [1][-]{section.3}{Experimental Procedures}{}% 10
\BOOKMARK [2][-]{subsubsection.3.0.1}{Instruments and Materials }{section.3}% 11
\BOOKMARK [3][-]{subsubsection.3.0.2}{Magnetic field along the axis of the coil \(Longitudinal configuration\)}{subsubsection.3.0.1}% 12
\BOOKMARK [3][-]{subsubsection.3.0.3}{Magnetic field in a transverse configuration}{subsubsection.3.0.1}% 13
\BOOKMARK [1][-]{section.4}{Results and discussion}{}% 14
\BOOKMARK [2][-]{subsubsection.4.0.1}{Raw data plots}{section.4}% 15
\BOOKMARK [3][-]{subsubsection.4.0.2}{Magnetic field, without core, longitudinal configuration}{subsubsection.4.0.1}% 16
\BOOKMARK [3][-]{subsubsection.4.0.3}{Magnetic field, with core, longitudinal configuration}{subsubsection.4.0.1}% 17
\BOOKMARK [2][-]{subsection.4.1}{magnetic fiel, no core, transversal configuration}{section.4}% 18
\BOOKMARK [1][-]{section.5}{Summary}{}% 19
\BOOKMARK [1][-]{section.6}{Anhang}{}% 20
\BOOKMARK [1][-]{section.7}{Literaturverzeichnis}{}% 21
