\BOOKMARK [1][-]{section.1}{Abstract}{}% 1
\BOOKMARK [1][-]{section.2}{Theoretical fundaments}{}% 2
\BOOKMARK [2][-]{subsection.2.1}{The law of Biot-Savart and the magnetic field of a coil}{section.2}% 3
\BOOKMARK [2][-]{subsection.2.2}{Hall effect, measuring magnetic fields}{section.2}% 4
\BOOKMARK [2][-]{subsection.2.3}{Materials in a magnetic field}{section.2}% 5
\BOOKMARK [3][-]{subsubsection.2.3.1}{Paramagnetism}{subsection.2.3}% 6
\BOOKMARK [3][-]{subsubsection.2.3.2}{Diamagnetism}{subsection.2.3}% 7
\BOOKMARK [3][-]{subsubsection.2.3.3}{Ferromagnetism}{subsection.2.3}% 8
\BOOKMARK [2][-]{subsection.2.4}{Induction}{section.2}% 9
\BOOKMARK [1][-]{section.3}{Experimental Procedures}{}% 10
\BOOKMARK [2][-]{subsection.3.1}{Instruments and Materials }{section.3}% 11
\BOOKMARK [2][-]{subsection.3.2}{Magnetic field along the axis of the coil \(Longitudinal configuration\)}{section.3}% 12
\BOOKMARK [2][-]{subsection.3.3}{Magnetic field in a transverse configuration}{section.3}% 13
\BOOKMARK [1][-]{section.4}{Results and discussion}{}% 14
\BOOKMARK [2][-]{subsection.4.1}{Raw data plots}{section.4}% 15
\BOOKMARK [2][-]{subsection.4.2}{Magnetic field, without core, longitudinal configuration}{section.4}% 16
\BOOKMARK [2][-]{subsection.4.3}{Magnetic field, with core, longitudinal configuration}{section.4}% 17
\BOOKMARK [2][-]{subsection.4.4}{magnetic fiel, no core, transversal configuration}{section.4}% 18
\BOOKMARK [1][-]{section.5}{Appendix}{}% 19
\BOOKMARK [2][-]{subsection.5.1}{Data}{section.5}% 20
\BOOKMARK [2][-]{subsection.5.2}{Literaturverzeichnis}{section.5}% 21
\BOOKMARK [2][-]{subsection.5.3}{Error propagation}{section.5}% 22
