\BOOKMARK [1][-]{section.1}{Abstract}{}% 1
\BOOKMARK [1][-]{section.2}{Grundlagen}{}% 2
\BOOKMARK [2][-]{subsection.2.1}{Eigenschaften eines idealen Gaases}{section.2}% 3
\BOOKMARK [3][-]{subsubsection.2.1.1}{Grundgleichung der Kinetischen Gastheorie}{subsection.2.1}% 4
\BOOKMARK [3][-]{subsubsection.2.1.2}{Mittlere freie Wegl\344nge}{subsection.2.1}% 5
\BOOKMARK [3][-]{subsubsection.2.1.3}{W\344rmeleitung }{subsection.2.1}% 6
\BOOKMARK [3][-]{subsubsection.2.1.4}{Viskosit\344t eines idealen Gases}{subsection.2.1}% 7
\BOOKMARK [3][-]{subsubsection.2.1.5}{Druckmessung}{subsection.2.1}% 8
\BOOKMARK [2][-]{subsection.2.2}{Vakuumstechnische Begriffe}{section.2}% 9
\BOOKMARK [2][-]{subsection.2.3}{Gasstr\366mung und Leitwerte}{section.2}% 10
\BOOKMARK [2][-]{subsection.2.4}{Pirani-Manometer}{section.2}% 11
\BOOKMARK [1][-]{section.3}{Experimentelles Vorgehen}{}% 12
\BOOKMARK [2][-]{subsection.3.1}{Kalibrierung des Pirani-Manometers}{section.3}% 13
\BOOKMARK [2][-]{subsection.3.2}{Saugverm\366gen der Pumpe}{section.3}% 14
\BOOKMARK [2][-]{subsection.3.3}{Effektives Saugverm\366gen der Pumpe}{section.3}% 15
\BOOKMARK [1][-]{section.4}{Diskussion}{}% 16
\BOOKMARK [2][-]{subsection.4.1}{Kalibrierkurve}{section.4}% 17
\BOOKMARK [2][-]{subsection.4.2}{Saugverm\366gen der Pumpe}{section.4}% 18
\BOOKMARK [2][-]{subsection.4.3}{Effektives Saugverm\366gen der Pumpe}{section.4}% 19
\BOOKMARK [2][-]{subsection.4.4}{Fragen}{section.4}% 20
\BOOKMARK [3][-]{subsubsection.4.4.1}{Frage 1}{subsection.4.4}% 21
\BOOKMARK [3][-]{subsubsection.4.4.2}{Frage 2}{subsection.4.4}% 22
\BOOKMARK [3][-]{subsubsection.4.4.3}{Frage 3}{subsection.4.4}% 23
\BOOKMARK [1][-]{section.5}{Anhang}{}% 24
\BOOKMARK [2][-]{subsection.5.1}{Fehlerechnung}{section.5}% 25
\BOOKMARK [3][-]{subsubsection.5.1.1}{kalibrierkurve}{subsection.5.1}% 26
\BOOKMARK [3][-]{subsubsection.5.1.2}{Saugverm\366gen der Pumpe}{subsection.5.1}% 27
\BOOKMARK [3][-]{subsubsection.5.1.3}{Effektives Saugverm\366gen der Pumpe}{subsection.5.1}% 28
\BOOKMARK [2][-]{subsection.5.2}{Literaturverzeichnis}{section.5}% 29
\BOOKMARK [2][-]{subsection.5.3}{Bilderverzeichnis}{section.5}% 30
\BOOKMARK [2][-]{subsection.5.4}{Daten}{section.5}% 31
