This is pdfTeX, Version 3.14159265-2.6-1.40.21 (TeX Live 2020/W32TeX) (preloaded format=pdflatex 2020.11.13)  1 APR 2021 14:03
entering extended mode
 restricted \write18 enabled.
 %&-line parsing enabled.
**Vakuum.tex
(./Vakuum.tex
LaTeX2e <2020-10-01> patch level 2
L3 programming layer <2020-10-27> xparse <2020-03-03>
(c:/texlive/2020/texmf-dist/tex/latex/base/article.cls
Document Class: article 2020/04/10 v1.4m Standard LaTeX document class
(c:/texlive/2020/texmf-dist/tex/latex/base/size12.clo
File: size12.clo 2020/04/10 v1.4m Standard LaTeX file (size option)
)
\c@part=\count175
\c@section=\count176
\c@subsection=\count177
\c@subsubsection=\count178
\c@paragraph=\count179
\c@subparagraph=\count180
\c@figure=\count181
\c@table=\count182
\abovecaptionskip=\skip47
\belowcaptionskip=\skip48
\bibindent=\dimen138
)
(c:/texlive/2020/texmf-dist/tex/latex/geometry/geometry.sty
Package: geometry 2020/01/02 v5.9 Page Geometry

(c:/texlive/2020/texmf-dist/tex/latex/graphics/keyval.sty
Package: keyval 2014/10/28 v1.15 key=value parser (DPC)
\KV@toks@=\toks15
)
(c:/texlive/2020/texmf-dist/tex/generic/iftex/ifvtex.sty
Package: ifvtex 2019/10/25 v1.7 ifvtex legacy package. Use iftex instead.

(c:/texlive/2020/texmf-dist/tex/generic/iftex/iftex.sty
Package: iftex 2020/03/06 v1.0d TeX engine tests
))
\Gm@cnth=\count183
\Gm@cntv=\count184
\c@Gm@tempcnt=\count185
\Gm@bindingoffset=\dimen139
\Gm@wd@mp=\dimen140
\Gm@odd@mp=\dimen141
\Gm@even@mp=\dimen142
\Gm@layoutwidth=\dimen143
\Gm@layoutheight=\dimen144
\Gm@layouthoffset=\dimen145
\Gm@layoutvoffset=\dimen146
\Gm@dimlist=\toks16
)
(c:/texlive/2020/texmf-dist/tex/latex/fancyhdr/fancyhdr.sty
Package: fancyhdr 2019/01/31 v3.10 Extensive control of page headers and footer
s
\f@nch@headwidth=\skip49
\f@nch@O@elh=\skip50
\f@nch@O@erh=\skip51
\f@nch@O@olh=\skip52
\f@nch@O@orh=\skip53
\f@nch@O@elf=\skip54
\f@nch@O@erf=\skip55
\f@nch@O@olf=\skip56
\f@nch@O@orf=\skip57
)
(c:/texlive/2020/texmf-dist/tex/latex/graphics/graphicx.sty
Package: graphicx 2020/09/09 v1.2b Enhanced LaTeX Graphics (DPC,SPQR)

(c:/texlive/2020/texmf-dist/tex/latex/graphics/graphics.sty
Package: graphics 2020/08/30 v1.4c Standard LaTeX Graphics (DPC,SPQR)

(c:/texlive/2020/texmf-dist/tex/latex/graphics/trig.sty
Package: trig 2016/01/03 v1.10 sin cos tan (DPC)
)
(c:/texlive/2020/texmf-dist/tex/latex/graphics-cfg/graphics.cfg
File: graphics.cfg 2016/06/04 v1.11 sample graphics configuration
)
Package graphics Info: Driver file: pdftex.def on input line 105.

(c:/texlive/2020/texmf-dist/tex/latex/graphics-def/pdftex.def
File: pdftex.def 2020/10/05 v1.2a Graphics/color driver for pdftex
))
\Gin@req@height=\dimen147
\Gin@req@width=\dimen148
)
(c:/texlive/2020/texmf-dist/tex/latex/float/float.sty
Package: float 2001/11/08 v1.3d Float enhancements (AL)
\c@float@type=\count186
\float@exts=\toks17
\float@box=\box47
\@float@everytoks=\toks18
\@floatcapt=\box48
)
(c:/texlive/2020/texmf-dist/tex/latex/l3packages/xfrac/xfrac.sty
(c:/texlive/2020/texmf-dist/tex/latex/l3kernel/expl3.sty
Package: expl3 2020-10-27 L3 programming layer (loader) 

(c:/texlive/2020/texmf-dist/tex/latex/l3backend/l3backend-pdftex.def
File: l3backend-pdftex.def 2020-09-24 L3 backend support: PDF output (pdfTeX)
\l__kernel_color_stack_int=\count187
\l__pdf_internal_box=\box49
))
(c:/texlive/2020/texmf-dist/tex/latex/amsmath/amstext.sty
Package: amstext 2000/06/29 v2.01 AMS text

(c:/texlive/2020/texmf-dist/tex/latex/amsmath/amsgen.sty
File: amsgen.sty 1999/11/30 v2.0 generic functions
\@emptytoks=\toks19
\ex@=\dimen149
))
(c:/texlive/2020/texmf-dist/tex/latex/l3packages/l3keys2e/l3keys2e.sty
Package: l3keys2e 2020-10-27 LaTeX2e option processing using LaTeX3 keys
)
(c:/texlive/2020/texmf-dist/tex/latex/base/textcomp.sty
Package: textcomp 2020/02/02 v2.0n Standard LaTeX package
)
(c:/texlive/2020/texmf-dist/tex/latex/l3packages/xparse/xparse.sty
Package: xparse 2020-10-27 L3 Experimental document command parser

(c:/texlive/2020/texmf-dist/tex/latex/l3packages/xparse/xparse-generic.tex))
(c:/texlive/2020/texmf-dist/tex/latex/l3packages/xtemplate/xtemplate.sty
Package: xtemplate 2020-10-27 L3 Experimental prototype document functions
\l__xtemplate_tmp_dim=\dimen150
\l__xtemplate_tmp_int=\count188
\l__xtemplate_tmp_muskip=\muskip16
\l__xtemplate_tmp_skip=\skip58
)
Package: xfrac 2020-10-27 L3 Experimental split-level fractions
\l__xfrac_slash_box=\box50
\l__xfrac_tmp_box=\box51
\l__xfrac_denominator_bot_sep_dim=\dimen151
\l__xfrac_numerator_bot_sep_dim=\dimen152
\l__xfrac_numerator_top_sep_dim=\dimen153
\l__xfrac_slash_left_sep_dim=\dimen154
\l__xfrac_slash_right_sep_dim=\dimen155
\l__xfrac_slash_left_muskip=\muskip17
\l__xfrac_slash_right_muskip=\muskip18

Package xtemplate Info: Declaring object type 'xfrac' taking 3 argument(s) on
(xtemplate)             line 80.

)
(c:/texlive/2020/texmf-dist/tex/latex/amsmath/amsmath.sty
Package: amsmath 2020/09/23 v2.17i AMS math features
\@mathmargin=\skip59

For additional information on amsmath, use the `?' option.
(c:/texlive/2020/texmf-dist/tex/latex/amsmath/amsbsy.sty
Package: amsbsy 1999/11/29 v1.2d Bold Symbols
\pmbraise@=\dimen156
)
(c:/texlive/2020/texmf-dist/tex/latex/amsmath/amsopn.sty
Package: amsopn 2016/03/08 v2.02 operator names
)
\inf@bad=\count189
LaTeX Info: Redefining \frac on input line 234.
\uproot@=\count190
\leftroot@=\count191
LaTeX Info: Redefining \overline on input line 399.
\classnum@=\count192
\DOTSCASE@=\count193
LaTeX Info: Redefining \ldots on input line 496.
LaTeX Info: Redefining \dots on input line 499.
LaTeX Info: Redefining \cdots on input line 620.
\Mathstrutbox@=\box52
\strutbox@=\box53
\big@size=\dimen157
LaTeX Font Info:    Redeclaring font encoding OML on input line 743.
LaTeX Font Info:    Redeclaring font encoding OMS on input line 744.
\macc@depth=\count194
\c@MaxMatrixCols=\count195
\dotsspace@=\muskip19
\c@parentequation=\count196
\dspbrk@lvl=\count197
\tag@help=\toks20
\row@=\count198
\column@=\count199
\maxfields@=\count266
\andhelp@=\toks21
\eqnshift@=\dimen158
\alignsep@=\dimen159
\tagshift@=\dimen160
\tagwidth@=\dimen161
\totwidth@=\dimen162
\lineht@=\dimen163
\@envbody=\toks22
\multlinegap=\skip60
\multlinetaggap=\skip61
\mathdisplay@stack=\toks23
LaTeX Info: Redefining \[ on input line 2923.
LaTeX Info: Redefining \] on input line 2924.
)
(c:/texlive/2020/texmf-dist/tex/latex/pdfpages/pdfpages.sty
Package: pdfpages 2020/01/28 v0.5q Insert pages of external PDF documents (AM)

(c:/texlive/2020/texmf-dist/tex/latex/base/ifthen.sty
Package: ifthen 2014/09/29 v1.1c Standard LaTeX ifthen package (DPC)
)
(c:/texlive/2020/texmf-dist/tex/latex/tools/calc.sty
Package: calc 2017/05/25 v4.3 Infix arithmetic (KKT,FJ)
\calc@Acount=\count267
\calc@Bcount=\count268
\calc@Adimen=\dimen164
\calc@Bdimen=\dimen165
\calc@Askip=\skip62
\calc@Bskip=\skip63
LaTeX Info: Redefining \setlength on input line 80.
LaTeX Info: Redefining \addtolength on input line 81.
\calc@Ccount=\count269
\calc@Cskip=\skip64
)
(c:/texlive/2020/texmf-dist/tex/latex/eso-pic/eso-pic.sty
Package: eso-pic 2020/10/14 v3.0a eso-pic (RN)
\ESO@tempdima=\dimen166
\ESO@tempdimb=\dimen167

(c:/texlive/2020/texmf-dist/tex/latex/xcolor/xcolor.sty
Package: xcolor 2016/05/11 v2.12 LaTeX color extensions (UK)

(c:/texlive/2020/texmf-dist/tex/latex/graphics-cfg/color.cfg
File: color.cfg 2016/01/02 v1.6 sample color configuration
)
Package xcolor Info: Driver file: pdftex.def on input line 225.
Package xcolor Info: Model `cmy' substituted by `cmy0' on input line 1348.
Package xcolor Info: Model `hsb' substituted by `rgb' on input line 1352.
Package xcolor Info: Model `RGB' extended on input line 1364.
Package xcolor Info: Model `HTML' substituted by `rgb' on input line 1366.
Package xcolor Info: Model `Hsb' substituted by `hsb' on input line 1367.
Package xcolor Info: Model `tHsb' substituted by `hsb' on input line 1368.
Package xcolor Info: Model `HSB' substituted by `hsb' on input line 1369.
Package xcolor Info: Model `Gray' substituted by `gray' on input line 1370.
Package xcolor Info: Model `wave' substituted by `hsb' on input line 1371.
))
\AM@pagewidth=\dimen168
\AM@pageheight=\dimen169

(c:/texlive/2020/texmf-dist/tex/latex/pdfpages/pppdftex.def
File: pppdftex.def 2020/01/28 v0.5q Pdfpages driver for pdfTeX (AM)
)
\AM@pagebox=\box54
\AM@global@opts=\toks24
\AM@pagecnt=\count270
\AM@toc@title=\toks25
\c@AM@survey=\count271
\AM@templatesizebox=\box55
)
(c:/texlive/2020/texmf-dist/tex/latex/hyperref/hyperref.sty
Package: hyperref 2020-05-15 v7.00e Hypertext links for LaTeX

(c:/texlive/2020/texmf-dist/tex/generic/ltxcmds/ltxcmds.sty
Package: ltxcmds 2020-05-10 v1.25 LaTeX kernel commands for general use (HO)
)
(c:/texlive/2020/texmf-dist/tex/generic/pdftexcmds/pdftexcmds.sty
Package: pdftexcmds 2020-06-27 v0.33 Utility functions of pdfTeX for LuaTeX (HO
)

(c:/texlive/2020/texmf-dist/tex/generic/infwarerr/infwarerr.sty
Package: infwarerr 2019/12/03 v1.5 Providing info/warning/error messages (HO)
)
Package pdftexcmds Info: \pdf@primitive is available.
Package pdftexcmds Info: \pdf@ifprimitive is available.
Package pdftexcmds Info: \pdfdraftmode found.
)
(c:/texlive/2020/texmf-dist/tex/generic/kvsetkeys/kvsetkeys.sty
Package: kvsetkeys 2019/12/15 v1.18 Key value parser (HO)
)
(c:/texlive/2020/texmf-dist/tex/generic/kvdefinekeys/kvdefinekeys.sty
Package: kvdefinekeys 2019-12-19 v1.6 Define keys (HO)
)
(c:/texlive/2020/texmf-dist/tex/generic/pdfescape/pdfescape.sty
Package: pdfescape 2019/12/09 v1.15 Implements pdfTeX's escape features (HO)
)
(c:/texlive/2020/texmf-dist/tex/latex/hycolor/hycolor.sty
Package: hycolor 2020-01-27 v1.10 Color options for hyperref/bookmark (HO)
)
(c:/texlive/2020/texmf-dist/tex/latex/letltxmacro/letltxmacro.sty
Package: letltxmacro 2019/12/03 v1.6 Let assignment for LaTeX macros (HO)
)
(c:/texlive/2020/texmf-dist/tex/latex/auxhook/auxhook.sty
Package: auxhook 2019-12-17 v1.6 Hooks for auxiliary files (HO)
)
(c:/texlive/2020/texmf-dist/tex/latex/kvoptions/kvoptions.sty
Package: kvoptions 2020-10-07 v3.14 Key value format for package options (HO)
)
\@linkdim=\dimen170
\Hy@linkcounter=\count272
\Hy@pagecounter=\count273

(c:/texlive/2020/texmf-dist/tex/latex/hyperref/pd1enc.def
File: pd1enc.def 2020-05-15 v7.00e Hyperref: PDFDocEncoding definition (HO)
Now handling font encoding PD1 ...
... no UTF-8 mapping file for font encoding PD1
)
(c:/texlive/2020/texmf-dist/tex/generic/intcalc/intcalc.sty
Package: intcalc 2019/12/15 v1.3 Expandable calculations with integers (HO)
)
(c:/texlive/2020/texmf-dist/tex/generic/etexcmds/etexcmds.sty
Package: etexcmds 2019/12/15 v1.7 Avoid name clashes with e-TeX commands (HO)
)
\Hy@SavedSpaceFactor=\count274
Package hyperref Info: Hyper figures OFF on input line 4464.
Package hyperref Info: Link nesting OFF on input line 4469.
Package hyperref Info: Hyper index ON on input line 4472.
Package hyperref Info: Plain pages OFF on input line 4479.
Package hyperref Info: Backreferencing OFF on input line 4484.
Package hyperref Info: Implicit mode ON; LaTeX internals redefined.
Package hyperref Info: Bookmarks ON on input line 4717.
\c@Hy@tempcnt=\count275

(c:/texlive/2020/texmf-dist/tex/latex/url/url.sty
\Urlmuskip=\muskip20
Package: url 2013/09/16  ver 3.4  Verb mode for urls, etc.
)
LaTeX Info: Redefining \url on input line 5076.
\XeTeXLinkMargin=\dimen171

(c:/texlive/2020/texmf-dist/tex/generic/bitset/bitset.sty
Package: bitset 2019/12/09 v1.3 Handle bit-vector datatype (HO)

(c:/texlive/2020/texmf-dist/tex/generic/bigintcalc/bigintcalc.sty
Package: bigintcalc 2019/12/15 v1.5 Expandable calculations on big integers (HO
)
))
\Fld@menulength=\count276
\Field@Width=\dimen172
\Fld@charsize=\dimen173
Package hyperref Info: Hyper figures OFF on input line 6347.
Package hyperref Info: Link nesting OFF on input line 6352.
Package hyperref Info: Hyper index ON on input line 6355.
Package hyperref Info: backreferencing OFF on input line 6362.
Package hyperref Info: Link coloring OFF on input line 6367.
Package hyperref Info: Link coloring with OCG OFF on input line 6372.
Package hyperref Info: PDF/A mode OFF on input line 6377.
LaTeX Info: Redefining \ref on input line 6417.
LaTeX Info: Redefining \pageref on input line 6421.

(c:/texlive/2020/texmf-dist/tex/latex/base/atbegshi-ltx.sty
Package: atbegshi-ltx 2020/08/17 v1.0a Emulation of the original atbegshi packa
ge
with kernel methods
)
\Hy@abspage=\count277
\c@Item=\count278
\c@Hfootnote=\count279
)
Package hyperref Info: Driver (autodetected): hpdftex.

(c:/texlive/2020/texmf-dist/tex/latex/hyperref/hpdftex.def
File: hpdftex.def 2020-05-15 v7.00e Hyperref driver for pdfTeX

(c:/texlive/2020/texmf-dist/tex/latex/base/atveryend-ltx.sty
Package: atveryend-ltx 2020/08/19 v1.0a Emulation of the original atvery packag
e
with kernel methods
)
\Fld@listcount=\count280
\c@bookmark@seq@number=\count281

(c:/texlive/2020/texmf-dist/tex/latex/rerunfilecheck/rerunfilecheck.sty
Package: rerunfilecheck 2019/12/05 v1.9 Rerun checks for auxiliary files (HO)

(c:/texlive/2020/texmf-dist/tex/generic/uniquecounter/uniquecounter.sty
Package: uniquecounter 2019/12/15 v1.4 Provide unlimited unique counter (HO)
)
Package uniquecounter Info: New unique counter `rerunfilecheck' on input line 2
86.
)
\Hy@SectionHShift=\skip65
)
(./Vakuum.aux

LaTeX Warning: Label `fig: Saugverm√∂gen ' multiply defined.

)
\openout1 = `Vakuum.aux'.

LaTeX Font Info:    Checking defaults for OML/cmm/m/it on input line 21.
LaTeX Font Info:    ... okay on input line 21.
LaTeX Font Info:    Checking defaults for OMS/cmsy/m/n on input line 21.
LaTeX Font Info:    ... okay on input line 21.
LaTeX Font Info:    Checking defaults for OT1/cmr/m/n on input line 21.
LaTeX Font Info:    ... okay on input line 21.
LaTeX Font Info:    Checking defaults for T1/cmr/m/n on input line 21.
LaTeX Font Info:    ... okay on input line 21.
LaTeX Font Info:    Checking defaults for TS1/cmr/m/n on input line 21.
LaTeX Font Info:    ... okay on input line 21.
LaTeX Font Info:    Checking defaults for OMX/cmex/m/n on input line 21.
LaTeX Font Info:    ... okay on input line 21.
LaTeX Font Info:    Checking defaults for U/cmr/m/n on input line 21.
LaTeX Font Info:    ... okay on input line 21.
LaTeX Font Info:    Checking defaults for PD1/pdf/m/n on input line 21.
LaTeX Font Info:    ... okay on input line 21.

*geometry* driver: auto-detecting
*geometry* detected driver: pdftex
*geometry* verbose mode - [ preamble ] result:
* driver: pdftex
* paper: <default>
* layout: <same size as paper>
* layoutoffset:(h,v)=(0.0pt,0.0pt)
* modes: includefoot 
* h-part:(L,W,R)=(71.13188pt, 472.03123pt, 71.13188pt)
* v-part:(T,H,B)=(71.13188pt, 652.70622pt, 71.13188pt)
* \paperwidth=614.295pt
* \paperheight=794.96999pt
* \textwidth=472.03123pt
* \textheight=622.70622pt
* \oddsidemargin=-1.1381pt
* \evensidemargin=-1.1381pt
* \topmargin=-38.1381pt
* \headheight=12.0pt
* \headsep=25.0pt
* \topskip=12.0pt
* \footskip=30.0pt
* \marginparwidth=44.0pt
* \marginparsep=10.0pt
* \columnsep=10.0pt
* \skip\footins=10.8pt plus 4.0pt minus 2.0pt
* \hoffset=0.0pt
* \voffset=0.0pt
* \mag=1000
* \@twocolumnfalse
* \@twosidefalse
* \@mparswitchfalse
* \@reversemarginfalse
* (1in=72.27pt=25.4mm, 1cm=28.453pt)

(c:/texlive/2020/texmf-dist/tex/context/base/mkii/supp-pdf.mkii
[Loading MPS to PDF converter (version 2006.09.02).]
\scratchcounter=\count282
\scratchdimen=\dimen174
\scratchbox=\box56
\nofMPsegments=\count283
\nofMParguments=\count284
\everyMPshowfont=\toks26
\MPscratchCnt=\count285
\MPscratchDim=\dimen175
\MPnumerator=\count286
\makeMPintoPDFobject=\count287
\everyMPtoPDFconversion=\toks27
) (c:/texlive/2020/texmf-dist/tex/latex/epstopdf-pkg/epstopdf-base.sty
Package: epstopdf-base 2020-01-24 v2.11 Base part for package epstopdf
Package epstopdf-base Info: Redefining graphics rule for `.eps' on input line 4
85.

(c:/texlive/2020/texmf-dist/tex/latex/latexconfig/epstopdf-sys.cfg
File: epstopdf-sys.cfg 2010/07/13 v1.3 Configuration of (r)epstopdf for TeX Liv
e
))
(c:/texlive/2020/texmf-dist/tex/latex/pdflscape/pdflscape.sty
Package: pdflscape 2019/12/05 v0.12 Display of landscape pages in PDF (HO)

(c:/texlive/2020/texmf-dist/tex/latex/graphics/lscape.sty
Package: lscape 2020/05/28 v3.02 Landscape Pages (DPC)
)
Package pdflscape Info: Auto-detected driver: pdftex on input line 81.
)
Package hyperref Info: Link coloring OFF on input line 21.

(c:/texlive/2020/texmf-dist/tex/latex/hyperref/nameref.sty
Package: nameref 2019/09/16 v2.46 Cross-referencing by name of section

(c:/texlive/2020/texmf-dist/tex/latex/refcount/refcount.sty
Package: refcount 2019/12/15 v3.6 Data extraction from label references (HO)
)
(c:/texlive/2020/texmf-dist/tex/generic/gettitlestring/gettitlestring.sty
Package: gettitlestring 2019/12/15 v1.6 Cleanup title references (HO)
)
\c@section@level=\count288
)
LaTeX Info: Redefining \ref on input line 21.
LaTeX Info: Redefining \pageref on input line 21.
LaTeX Info: Redefining \nameref on input line 21.

(./Vakuum.out) (./Vakuum.out)
\@outlinefile=\write3
\openout3 = `Vakuum.out'.

 [1

{c:/texlive/2020/texmf-var/fonts/map/pdftex/updmap/pdftex.map}] (./Vakuum.toc)
\tf@toc=\write4
\openout4 = `Vakuum.toc'.

pdfTeX warning (ext4): destination with the same identifier (name{page.1}) has 
been already used, duplicate ignored
<to be read again> 
                   \relax 
l.45 	\cleardoublepage
                       [1]
LaTeX Font Info:    Calculating math sizes for size <8.4> on input line 57.


LaTeX Font Warning: Font shape `OT1/cmr/m/n' in size <4.2> not available
(Font)              size <5> substituted on input line 57.


LaTeX Font Warning: Font shape `OML/cmm/m/it' in size <4.2> not available
(Font)              size <5> substituted on input line 57.


LaTeX Font Warning: Font shape `OMS/cmsy/m/n' in size <4.2> not available
(Font)              size <5> substituted on input line 57.

pdfTeX warning (ext4): destination with the same identifier (name{page.1}) has 
been already used, duplicate ignored
<to be read again> 
                   \relax 
l.78 	\end{equation}
                     [1

]
Overfull \hbox (0.91063pt too wide) in paragraph at lines 91--93
\OT1/cmr/m/n/12 wird. Daf^^?ur kann man zum Beispiel ein Queck-sil-ber-manome-t
er oder ein Membran-Manometer
 []

<Drehschiebepumpe.png, id=187, 445.665pt x 237.13594pt>
File: Drehschiebepumpe.png Graphic file (type png)
<use Drehschiebepumpe.png>
Package pdftex.def Info: Drehschiebepumpe.png  used on input line 99.
(pdftex.def)             Requested size: 284.52756pt x 151.39738pt.

LaTeX Warning: `h' float specifier changed to `ht'.

[2] [3 <./Drehschiebepumpe.png>]
Overfull \hbox (23.46365pt too wide) in paragraph at lines 134--136
\OT1/cmr/m/n/12 Bei niedrin-gen Dr^^?ucken wird die Gle-ichung []14[] ung^^?ult
ig und wenn man $\OML/cmm/m/it/12 ^^U$ \OT1/cmr/m/n/12 mit dem Rohrdurchmesser
 []


LaTeX Warning: Command \textdegree invalid in math mode on input line 139.


LaTeX Warning: Command \textdegree invalid in math mode on input line 139.

Missing character: There is no ∞ in font cmr12!
<kalibrierung.png, id=210, 542.025pt x 289.08pt>
File: kalibrierung.png Graphic file (type png)
<use kalibrierung.png>
Package pdftex.def Info: kalibrierung.png  used on input line 157.
(pdftex.def)             Requested size: 284.52756pt x 151.75162pt.
[4 <./kalibrierung.png>]
<Saugvermoegen.png, id=222, 565.36218pt x 265.74281pt>
File: Saugvermoegen.png Graphic file (type png)
<use Saugvermoegen.png>
Package pdftex.def Info: Saugvermoegen.png  used on input line 166.
(pdftex.def)             Requested size: 284.52756pt x 133.74287pt.
<Auspumpzeit.png, id=223, 467.49657pt x 270.25969pt>
File: Auspumpzeit.png Graphic file (type png)
<use Auspumpzeit.png>
Package pdftex.def Info: Auspumpzeit.png  used on input line 181.
(pdftex.def)             Requested size: 284.52756pt x 164.49113pt.
 [5 <./Saugvermoegen.png>]
<Kalibrierung (17-32).jpg, id=232, 702.625pt x 526.96875pt>
File: Kalibrierung (17-32).jpg Graphic file (type jpg)
<use Kalibrierung (17-32).jpg>
Package pdftex.def Info: Kalibrierung (17-32).jpg  used on input line 191.
(pdftex.def)             Requested size: 284.52756pt x 213.39705pt.
<Kalibrierung (32-71).jpg, id=233, 702.625pt x 526.96875pt>
File: Kalibrierung (32-71).jpg Graphic file (type jpg)
<use Kalibrierung (32-71).jpg>
Package pdftex.def Info: Kalibrierung (32-71).jpg  used on input line 199.
(pdftex.def)             Requested size: 284.52756pt x 213.39705pt.
 [6 <./Auspumpzeit.png> <./Kalibrierung (17-32).jpg>]
<kalibrierung(0-17).jpg, id=240, 702.625pt x 526.96875pt>
File: kalibrierung(0-17).jpg Graphic file (type jpg)
<use kalibrierung(0-17).jpg>
Package pdftex.def Info: kalibrierung(0-17).jpg  used on input line 208.
(pdftex.def)             Requested size: 191.17004pt x 143.37701pt.

Underfull \hbox (badness 2285) in paragraph at lines 209--209
[]\OT1/cmr/m/n/12 Figure 5: []Kalibrierungskurve I$\OML/cmm/m/it/12 <$\OT1/cmr/
m/n/12 17A.
 []

<kalibrierung(71+).jpg, id=241, 702.625pt x 526.96875pt>
File: kalibrierung(71+).jpg Graphic file (type jpg)
<use kalibrierung(71+).jpg>
Package pdftex.def Info: kalibrierung(71+).jpg  used on input line 213.
(pdftex.def)             Requested size: 191.17004pt x 143.37701pt.
[7 <./kalibrierung(0-17).jpg> <./Kalibrierung(71+).jpg> <./Kalibrierung (32-71)
.jpg>]
<Druck-Leistung.jpg, id=249, 702.625pt x 526.96875pt>
File: Druck-Leistung.jpg Graphic file (type jpg)
<use Druck-Leistung.jpg>
Package pdftex.def Info: Druck-Leistung.jpg  used on input line 230.
(pdftex.def)             Requested size: 284.52756pt x 213.39705pt.
 [8 <./Druck-Leistung.jpg>]
Overfull \hbox (2.29857pt too wide) in paragraph at lines 257--259
[]\OT1/cmr/m/n/12 In der fol-gen-den tabelle se-hen wir den zusam-men-hang zwis
-chen vier ver-schiede-nen Dr^^?ucken
 []

<Druck-Pumpzeit.jpg, id=257, 702.625pt x 526.96875pt>
File: Druck-Pumpzeit.jpg Graphic file (type jpg)
<use Druck-Pumpzeit.jpg>
Package pdftex.def Info: Druck-Pumpzeit.jpg  used on input line 263.
(pdftex.def)             Requested size: 284.52756pt x 213.39705pt.
[9 <./Druck-Pumpzeit.jpg>] [10]
Overfull \hbox (14.64706pt too wide) in paragraph at lines 330--331
\OT1/cmr/m/n/12 Viskose Str^^?omung entsteht bei Grob-vakuum, wo es noch, im ve
r-gle-ich mit Fein und Hochvakuum,
 []


Overfull \hbox (58.90533pt too wide) detected at line 359
[] []
 []

[11]
Overfull \hbox (19.18593pt too wide) in paragraph at lines 375--377
\OT1/cmr/m/n/12 F^^?ur die Berech-nung des Fehlers des ef-fek-tiven Saugverm^^?
ogen w^^?urde Gau^^Ysche Fehler-fortpflanzung
 []

<Aufgabe1Daten.pdf, id=294, 845.1575pt x 597.23125pt>
File: Aufgabe1Daten.pdf Graphic file (type pdf)
<use Aufgabe1Daten.pdf>
Package pdftex.def Info: Aufgabe1Daten.pdf  used on input line 390.
(pdftex.def)             Requested size: 845.15544pt x 597.22978pt.
File: Aufgabe1Daten.pdf Graphic file (type pdf)
<use Aufgabe1Daten.pdf>
Package pdftex.def Info: Aufgabe1Daten.pdf  used on input line 390.
(pdftex.def)             Requested size: 845.15544pt x 597.22978pt.
<Aufgabe1Daten.pdf, id=297, page=1, 845.1575pt x 597.23125pt>
File: Aufgabe1Daten.pdf Graphic file (type pdf)
<use Aufgabe1Daten.pdf, page 1>
Package pdftex.def Info: Aufgabe1Daten.pdf , page1 used on input line 390.
(pdftex.def)             Requested size: 845.15544pt x 597.22978pt.
File: Aufgabe1Daten.pdf Graphic file (type pdf)
<use Aufgabe1Daten.pdf, page 1>
Package pdftex.def Info: Aufgabe1Daten.pdf , page1 used on input line 390.
(pdftex.def)             Requested size: 614.40643pt x 434.1708pt.
[12] [13]
File: Aufgabe1Daten.pdf Graphic file (type pdf)
<use Aufgabe1Daten.pdf, page 1>
Package pdftex.def Info: Aufgabe1Daten.pdf , page1 used on input line 390.
(pdftex.def)             Requested size: 614.40643pt x 434.1708pt.
File: Aufgabe1Daten.pdf Graphic file (type pdf)
<use Aufgabe1Daten.pdf, page 1>
Package pdftex.def Info: Aufgabe1Daten.pdf , page1 used on input line 390.
(pdftex.def)             Requested size: 614.40643pt x 434.1708pt.
File: Aufgabe1Daten.pdf Graphic file (type pdf)
<use Aufgabe1Daten.pdf, page 1>
Package pdftex.def Info: Aufgabe1Daten.pdf , page1 used on input line 390.
(pdftex.def)             Requested size: 614.40643pt x 434.1708pt.
 [14 <./Aufgabe1Daten.pdf>]
<Aufgabe2Daten.pdf, id=318, 845.1575pt x 597.23125pt>
File: Aufgabe2Daten.pdf Graphic file (type pdf)
<use Aufgabe2Daten.pdf>
Package pdftex.def Info: Aufgabe2Daten.pdf  used on input line 391.
(pdftex.def)             Requested size: 845.15544pt x 597.22978pt.
File: Aufgabe2Daten.pdf Graphic file (type pdf)
<use Aufgabe2Daten.pdf>
Package pdftex.def Info: Aufgabe2Daten.pdf  used on input line 391.
(pdftex.def)             Requested size: 845.15544pt x 597.22978pt.
<Aufgabe2Daten.pdf, id=321, page=1, 845.1575pt x 597.23125pt>
File: Aufgabe2Daten.pdf Graphic file (type pdf)
<use Aufgabe2Daten.pdf, page 1>
Package pdftex.def Info: Aufgabe2Daten.pdf , page1 used on input line 391.
(pdftex.def)             Requested size: 845.15544pt x 597.22978pt.
File: Aufgabe2Daten.pdf Graphic file (type pdf)
<use Aufgabe2Daten.pdf, page 1>
Package pdftex.def Info: Aufgabe2Daten.pdf , page1 used on input line 391.
(pdftex.def)             Requested size: 614.40643pt x 434.1708pt.
File: Aufgabe2Daten.pdf Graphic file (type pdf)
<use Aufgabe2Daten.pdf, page 1>
Package pdftex.def Info: Aufgabe2Daten.pdf , page1 used on input line 391.
(pdftex.def)             Requested size: 614.40643pt x 434.1708pt.
File: Aufgabe2Daten.pdf Graphic file (type pdf)
<use Aufgabe2Daten.pdf, page 1>
Package pdftex.def Info: Aufgabe2Daten.pdf , page1 used on input line 391.
(pdftex.def)             Requested size: 614.40643pt x 434.1708pt.
File: Aufgabe2Daten.pdf Graphic file (type pdf)
<use Aufgabe2Daten.pdf, page 1>
Package pdftex.def Info: Aufgabe2Daten.pdf , page1 used on input line 391.
(pdftex.def)             Requested size: 614.40643pt x 434.1708pt.
 [15 <./Aufgabe2Daten.pdf>]
<Aufgabe3Daten.pdf, id=329, 845.1575pt x 597.23125pt>
File: Aufgabe3Daten.pdf Graphic file (type pdf)
<use Aufgabe3Daten.pdf>
Package pdftex.def Info: Aufgabe3Daten.pdf  used on input line 392.
(pdftex.def)             Requested size: 845.15544pt x 597.22978pt.
File: Aufgabe3Daten.pdf Graphic file (type pdf)
<use Aufgabe3Daten.pdf>
Package pdftex.def Info: Aufgabe3Daten.pdf  used on input line 392.
(pdftex.def)             Requested size: 845.15544pt x 597.22978pt.
<Aufgabe3Daten.pdf, id=332, page=1, 845.1575pt x 597.23125pt>
File: Aufgabe3Daten.pdf Graphic file (type pdf)
<use Aufgabe3Daten.pdf, page 1>
Package pdftex.def Info: Aufgabe3Daten.pdf , page1 used on input line 392.
(pdftex.def)             Requested size: 845.15544pt x 597.22978pt.
File: Aufgabe3Daten.pdf Graphic file (type pdf)
<use Aufgabe3Daten.pdf, page 1>
Package pdftex.def Info: Aufgabe3Daten.pdf , page1 used on input line 392.
(pdftex.def)             Requested size: 614.40643pt x 434.1708pt.
File: Aufgabe3Daten.pdf Graphic file (type pdf)
<use Aufgabe3Daten.pdf, page 1>
Package pdftex.def Info: Aufgabe3Daten.pdf , page1 used on input line 392.
(pdftex.def)             Requested size: 614.40643pt x 434.1708pt.
File: Aufgabe3Daten.pdf Graphic file (type pdf)
<use Aufgabe3Daten.pdf, page 1>
Package pdftex.def Info: Aufgabe3Daten.pdf , page1 used on input line 392.
(pdftex.def)             Requested size: 614.40643pt x 434.1708pt.
File: Aufgabe3Daten.pdf Graphic file (type pdf)
<use Aufgabe3Daten.pdf, page 1>
Package pdftex.def Info: Aufgabe3Daten.pdf , page1 used on input line 392.
(pdftex.def)             Requested size: 614.40643pt x 434.1708pt.
 [16 <./Aufgabe3Daten.pdf>]
<Aufgabe3Daten.pdf, id=347, page=2, 845.1575pt x 597.23125pt>
File: Aufgabe3Daten.pdf Graphic file (type pdf)
<use Aufgabe3Daten.pdf, page 2>
Package pdftex.def Info: Aufgabe3Daten.pdf , page2 used on input line 392.
(pdftex.def)             Requested size: 614.40643pt x 434.1708pt.
File: Aufgabe3Daten.pdf Graphic file (type pdf)
<use Aufgabe3Daten.pdf, page 2>
Package pdftex.def Info: Aufgabe3Daten.pdf , page2 used on input line 392.
(pdftex.def)             Requested size: 614.40643pt x 434.1708pt.
File: Aufgabe3Daten.pdf Graphic file (type pdf)
<use Aufgabe3Daten.pdf, page 2>
Package pdftex.def Info: Aufgabe3Daten.pdf , page2 used on input line 392.
(pdftex.def)             Requested size: 614.40643pt x 434.1708pt.
 [17 <./Aufgabe3Daten.pdf>]
<Aufgabe3Daten.pdf, id=354, page=3, 845.1575pt x 597.23125pt>
File: Aufgabe3Daten.pdf Graphic file (type pdf)
<use Aufgabe3Daten.pdf, page 3>
Package pdftex.def Info: Aufgabe3Daten.pdf , page3 used on input line 392.
(pdftex.def)             Requested size: 614.40643pt x 434.1708pt.
File: Aufgabe3Daten.pdf Graphic file (type pdf)
<use Aufgabe3Daten.pdf, page 3>
Package pdftex.def Info: Aufgabe3Daten.pdf , page3 used on input line 392.
(pdftex.def)             Requested size: 614.40643pt x 434.1708pt.
File: Aufgabe3Daten.pdf Graphic file (type pdf)
<use Aufgabe3Daten.pdf, page 3>
Package pdftex.def Info: Aufgabe3Daten.pdf , page3 used on input line 392.
(pdftex.def)             Requested size: 614.40643pt x 434.1708pt.
 [18 <./Aufgabe3Daten.pdf>]
<Aufgabe3Daten.pdf, id=360, page=4, 845.1575pt x 597.23125pt>
File: Aufgabe3Daten.pdf Graphic file (type pdf)
<use Aufgabe3Daten.pdf, page 4>
Package pdftex.def Info: Aufgabe3Daten.pdf , page4 used on input line 392.
(pdftex.def)             Requested size: 614.40643pt x 434.1708pt.
File: Aufgabe3Daten.pdf Graphic file (type pdf)
<use Aufgabe3Daten.pdf, page 4>
Package pdftex.def Info: Aufgabe3Daten.pdf , page4 used on input line 392.
(pdftex.def)             Requested size: 614.40643pt x 434.1708pt.
File: Aufgabe3Daten.pdf Graphic file (type pdf)
<use Aufgabe3Daten.pdf, page 4>
Package pdftex.def Info: Aufgabe3Daten.pdf , page4 used on input line 392.
(pdftex.def)             Requested size: 614.40643pt x 434.1708pt.
 [19 <./Aufgabe3Daten.pdf>] (./Vakuum.aux)
Package rerunfilecheck Info: File `Vakuum.out' has not changed.
(rerunfilecheck)             Checksum: 22AB1DA000ABE64DE0896A4F038F1719;2198.


LaTeX Font Warning: Size substitutions with differences
(Font)              up to 2.90001pt have occurred.


LaTeX Warning: There were multiply-defined labels.

 ) 
Here is how much of TeX's memory you used:
 8338 strings out of 479485
 130917 string characters out of 5875915
 467020 words of memory out of 5000000
 25079 multiletter control sequences out of 15000+600000
 545256 words of font info for 65 fonts, out of 8000000 for 9000
 1141 hyphenation exceptions out of 8191
 67i,21n,80p,932b,475s stack positions out of 5000i,500n,10000p,200000b,80000s
{c:/texlive/2020/texmf-dist/fonts/enc/dvips/cm-super/cm-super-ts1.enc}<c:/tex
live/2020/texmf-dist/fonts/type1/public/amsfonts/cm/cmbx12.pfb><c:/texlive/2020
/texmf-dist/fonts/type1/public/amsfonts/cm/cmcsc10.pfb><c:/texlive/2020/texmf-d
ist/fonts/type1/public/amsfonts/cm/cmex10.pfb><c:/texlive/2020/texmf-dist/fonts
/type1/public/amsfonts/cm/cmmi12.pfb><c:/texlive/2020/texmf-dist/fonts/type1/pu
blic/amsfonts/cm/cmmi8.pfb><c:/texlive/2020/texmf-dist/fonts/type1/public/amsfo
nts/cm/cmr12.pfb><c:/texlive/2020/texmf-dist/fonts/type1/public/amsfonts/cm/cmr
6.pfb><c:/texlive/2020/texmf-dist/fonts/type1/public/amsfonts/cm/cmr8.pfb><c:/t
exlive/2020/texmf-dist/fonts/type1/public/amsfonts/cm/cmsy10.pfb><c:/texlive/20
20/texmf-dist/fonts/type1/public/amsfonts/cm/cmsy8.pfb><c:/texlive/2020/texmf-d
ist/fonts/type1/public/amsfonts/cm/cmti12.pfb><c:/texlive/2020/texmf-dist/fonts
/type1/public/cm-super/sfrm1200.pfb>
Output written on Vakuum.pdf (21 pages, 2034690 bytes).
PDF statistics:
 429 PDF objects out of 1000 (max. 8388607)
 359 compressed objects within 4 object streams
 92 named destinations out of 1000 (max. 500000)
 374 words of extra memory for PDF output out of 10000 (max. 10000000)

